Loading required package: IlluminaHumanMethylation450kmanifest
/DAS/TBlab/Touati/TCGA/MethylationNormalization/Input/OV/:OK
Loading required package: IlluminaHumanMethylation450kmanifest
/DAS/TBlab/Touati/TCGA/MethylationNormalization/Input/UCS/:OK
Loading required package: IlluminaHumanMethylation450kmanifest
Warning: NON-POLYMORPHIC probes outside plot range
Warning: NON-POLYMORPHIC probes outside plot range
/DAS/TBlab/Touati/TCGA/MethylationNormalization/Input/KICH/:OK
Loading required package: IlluminaHumanMethylation450kmanifest
Warning: NON-POLYMORPHIC probes outside plot range
/DAS/TBlab/Touati/TCGA/MethylationNormalization/Input/READ/:OK
Loading required package: IlluminaHumanMethylation450kmanifest
/DAS/TBlab/Touati/TCGA/MethylationNormalization/Input/LAML/:OK
Loading required package: IlluminaHumanMethylation450kmanifest
/DAS/TBlab/Touati/TCGA/MethylationNormalization/Input/ESCA/:OK
Loading required package: IlluminaHumanMethylation450kmanifest
Warning: NON-POLYMORPHIC probes outside plot range
Warning: SPECIFICITY I probes outside plot range
/DAS/TBlab/Touati/TCGA/MethylationNormalization/Input/PAAD/:OK
Loading required package: IlluminaHumanMethylation450kmanifest
Warning: NON-POLYMORPHIC probes outside plot range
Warning: NON-POLYMORPHIC probes outside plot range
/DAS/TBlab/Touati/TCGA/MethylationNormalization/Input/GBM/:OK
Loading required package: IlluminaHumanMethylation450kmanifest
Warning: NON-POLYMORPHIC probes outside plot range
Warning: NON-POLYMORPHIC probes outside plot range
/DAS/TBlab/Touati/TCGA/MethylationNormalization/Input/CESC/:OK
Loading required package: IlluminaHumanMethylation450kmanifest
Warning: NON-POLYMORPHIC probes outside plot range
Warning: NON-POLYMORPHIC probes outside plot range
/DAS/TBlab/Touati/TCGA/MethylationNormalization/Input/STAD/:OK
Loading required package: IlluminaHumanMethylation450kmanifest
Warning: NON-POLYMORPHIC probes outside plot range
Warning: NON-POLYMORPHIC probes outside plot range
Warning: NON-POLYMORPHIC probes outside plot range
Warning: NON-POLYMORPHIC probes outside plot range
Warning: NON-POLYMORPHIC probes outside plot range
/DAS/TBlab/Touati/TCGA/MethylationNormalization/Input/COAD/:OK
Loading required package: IlluminaHumanMethylation450kmanifest
Warning: NON-POLYMORPHIC probes outside plot range
Warning: NON-POLYMORPHIC probes outside plot range
Warning: NON-POLYMORPHIC probes outside plot range
Warning: NON-POLYMORPHIC probes outside plot range
Warning: NON-POLYMORPHIC probes outside plot range
Warning: NON-POLYMORPHIC probes outside plot range
/DAS/TBlab/Touati/TCGA/MethylationNormalization/Input/LIHC/:OK
Loading required package: IlluminaHumanMethylation450kmanifest
Warning: NON-POLYMORPHIC probes outside plot range
/DAS/TBlab/Touati/TCGA/MethylationNormalization/Input/LUSC/:OK
Loading required package: IlluminaHumanMethylation450kmanifest
Warning: NON-POLYMORPHIC probes outside plot range
Warning: NON-POLYMORPHIC probes outside plot range
Warning: NON-POLYMORPHIC probes outside plot range
Warning: NON-POLYMORPHIC probes outside plot range
Warning: NON-POLYMORPHIC probes outside plot range
Warning: NON-POLYMORPHIC probes outside plot range
Warning: NON-POLYMORPHIC probes outside plot range
/DAS/TBlab/Touati/TCGA/MethylationNormalization/Input/BLCA/:OK
Loading required package: IlluminaHumanMethylation450kmanifest
Warning: NON-POLYMORPHIC probes outside plot range
Warning: NON-POLYMORPHIC probes outside plot range
Warning: NON-POLYMORPHIC probes outside plot range
Warning: NON-POLYMORPHIC probes outside plot range
Warning: NON-POLYMORPHIC probes outside plot range
Warning: NON-POLYMORPHIC probes outside plot range
Warning: NON-POLYMORPHIC probes outside plot range
Warning: NON-POLYMORPHIC probes outside plot range
Warning: NON-POLYMORPHIC probes outside plot range
Warning: NON-POLYMORPHIC probes outside plot range
Warning: NON-POLYMORPHIC probes outside plot range
/DAS/TBlab/Touati/TCGA/MethylationNormalization/Input/KIRC/:OK
Loading required package: IlluminaHumanMethylation450kmanifest
Warning: EXTENSION probes outside plot range
Warning: NON-POLYMORPHIC probes outside plot range
Warning: NON-POLYMORPHIC probes outside plot range
Warning: NON-POLYMORPHIC probes outside plot range
Warning: NON-POLYMORPHIC probes outside plot range
Warning: NON-POLYMORPHIC probes outside plot range
Warning: NON-POLYMORPHIC probes outside plot range
Warning: NON-POLYMORPHIC probes outside plot range
Warning: NON-POLYMORPHIC probes outside plot range
Warning: NON-POLYMORPHIC probes outside plot range
Warning: NON-POLYMORPHIC probes outside plot range
/DAS/TBlab/Touati/TCGA/MethylationNormalization/Input/LUAD/:OK
Loading required package: IlluminaHumanMethylation450kmanifest
Warning: NON-POLYMORPHIC probes outside plot range
Warning: NON-POLYMORPHIC probes outside plot range
Warning: NON-POLYMORPHIC probes outside plot range
/DAS/TBlab/Touati/TCGA/MethylationNormalization/Input/PRAD/:OK
Loading required package: IlluminaHumanMethylation450kmanifest
Warning: NON-POLYMORPHIC probes outside plot range
Warning: NON-POLYMORPHIC probes outside plot range
Warning: NON-POLYMORPHIC probes outside plot range
/DAS/TBlab/Touati/TCGA/MethylationNormalization/Input/HNSC/:OK
Loading required package: IlluminaHumanMethylation450kmanifest
Warning: NON-POLYMORPHIC probes outside plot range
Warning: NON-POLYMORPHIC probes outside plot range
Warning: NON-POLYMORPHIC probes outside plot range
/DAS/TBlab/Touati/TCGA/MethylationNormalization/Input/BRCA/:OK
